#
# There is insufficient memory for the Java Runtime Environment to continue.
# Native memory allocation (malloc) failed to allocate 331664 bytes for Chunk::new
# Possible reasons:
#   The system is out of physical RAM or swap space
#   The process is running with CompressedOops enabled, and the Java Heap may be blocking the growth of the native heap
# Possible solutions:
#   Reduce memory load on the system
#   Increase physical memory or swap space
#   Check if swap backing store is full
#   Decrease Java heap size (-Xmx/-Xms)
#   Decrease number of Java threads
#   Decrease Java thread stack sizes (-Xss)
#   Set larger code cache with -XX:ReservedCodeCacheSize=
#   JVM is running with Unscaled Compressed Oops mode in which the Java heap is
#     placed in the first 4GB address space. The Java Heap base address is the
#     maximum limit for the native heap growth. Please use -XX:HeapBaseMinAddress
#     to set the Java Heap base and to place the Java Heap above 4GB virtual address.
# This output file may be truncated or incomplete.
#
#  Out of Memory Error (allocation.cpp:389), pid=7356, tid=0x000000000000217c
#
# JRE version: Java(TM) SE Runtime Environment (8.0_202-b08) (build 1.8.0_202-b08)
# Java VM: Java HotSpot(TM) 64-Bit Server VM (25.202-b08 mixed mode windows-amd64 compressed oops)
# Failed to write core dump. Minidumps are not enabled by default on client versions of Windows
#

---------------  T H R E A D  ---------------

Current thread (0x0000000017c7f000):  JavaThread "C2 CompilerThread0" daemon [_thread_in_native, id=8572, stack(0x0000000018ce0000,0x0000000018de0000)]

Stack: [0x0000000018ce0000,0x0000000018de0000]
[error occurred during error reporting (printing stack bounds), id 0xc0000005]

Native frames: (J=compiled Java code, j=interpreted, Vv=VM code, C=native code)


Current CompileTask:
C2:  15994 1342       4       io.github.classgraph.PackageInfo::getOrCreatePackage (94 bytes)


---------------  P R O C E S S  ---------------

Java Threads: ( => current thread )
  0x000000000329e000 JavaThread "DestroyJavaVM" [_thread_blocked, id=8176, stack(0x00000000030b0000,0x00000000031b0000)]
  0x0000000019684800 JavaThread "pool-1-thread-1" [_thread_blocked, id=10124, stack(0x00000000190e0000,0x00000000191e0000)]
  0x0000000017d00000 JavaThread "Service Thread" daemon [_thread_blocked, id=11012, stack(0x0000000018ee0000,0x0000000018fe0000)]
  0x0000000017c81000 JavaThread "C1 CompilerThread1" daemon [_thread_blocked, id=8652, stack(0x0000000018de0000,0x0000000018ee0000)]
=>0x0000000017c7f000 JavaThread "C2 CompilerThread0" daemon [_thread_in_native, id=8572, stack(0x0000000018ce0000,0x0000000018de0000)]
  0x0000000017c7e000 JavaThread "Attach Listener" daemon [_thread_blocked, id=8640, stack(0x0000000018be0000,0x0000000018ce0000)]
  0x0000000017c7a800 JavaThread "Signal Dispatcher" daemon [_thread_blocked, id=11524, stack(0x0000000018ae0000,0x0000000018be0000)]
  0x0000000017c68800 JavaThread "Finalizer" daemon [_thread_blocked, id=13100, stack(0x00000000188c0000,0x00000000189c0000)]
  0x0000000003394800 JavaThread "Reference Handler" daemon [_thread_blocked, id=10532, stack(0x00000000187c0000,0x00000000188c0000)]

Other Threads:
  0x0000000017c46800 VMThread [stack: 0x00000000186c0000,0x00000000187c0000] [id=11628]
  0x0000000017d03000 WatcherThread [stack: 0x0000000018fe0000,0x00000000190e0000] [id=1704]

VM state:at safepoint (normal execution)

VM Mutex/Monitor currently owned by a thread:  ([mutex/lock_event])
[0x000000000329d5b0] Threads_lock - owner thread: 0x0000000017c46800
[0x00000000032a1a50] Heap_lock - owner thread: 0x0000000019684800

heap address: 0x0000000081e00000, size: 2018 MB, Compressed Oops mode: 32-bit
Narrow klass base: 0x0000000000000000, Narrow klass shift: 3
Compressed class space size: 1073741824 Address: 0x0000000100000000

Heap:
 PSYoungGen      total 142848K, used 16376K [0x00000000d5f80000, 0x00000000df480000, 0x0000000100000000)
  eden space 133120K, 5% used [0x00000000d5f80000,0x00000000d66dc148,0x00000000de180000)
  from space 9728K, 90% used [0x00000000deb00000,0x00000000df3a1f50,0x00000000df480000)
  to   space 9728K, 9% used [0x00000000de180000,0x00000000de260000,0x00000000deb00000)
 ParOldGen       total 87552K, used 45632K [0x0000000081e00000, 0x0000000087380000, 0x00000000d5f80000)
  object space 87552K, 52% used [0x0000000081e00000,0x0000000084a94140,0x0000000087380000)
 Metaspace       used 11677K, capacity 12024K, committed 12160K, reserved 1064960K
  class space    used 1454K, capacity 1560K, committed 1664K, reserved 1048576K

Card table byte_map: [0x0000000012760000,0x0000000012b60000] byte_map_base: 0x0000000012351000

Marking Bits: (ParMarkBitMap*) 0x000000006b175ce0
 Begin Bits: [0x0000000013010000, 0x0000000014f98000)
 End Bits:   [0x0000000014f98000, 0x0000000016f20000)

Polling page: 0x0000000001730000

CodeCache: size=245760Kb used=5384Kb max_used=5444Kb free=240375Kb
 bounds [0x00000000033a0000, 0x0000000003900000, 0x00000000123a0000]
 total_blobs=1683 nmethods=1256 adapters=341
 compilation: enabled

Compilation events (10 events):
Event: 15.783 Thread 0x0000000017c81000 1350       3       java.lang.Character::isLetter (5 bytes)
Event: 15.784 Thread 0x0000000017c81000 nmethod 1350 0x000000000356b610 code [0x000000000356b7a0, 0x000000000356baf8]
Event: 15.784 Thread 0x0000000017c81000 1351       3       java.nio.charset.CharsetEncoder::reset (11 bytes)
Event: 15.785 Thread 0x0000000017c81000 nmethod 1351 0x00000000034cdc50 code [0x00000000034cdda0, 0x00000000034cdfd0]
Event: 15.785 Thread 0x0000000017c81000 1352       3       java.nio.charset.CharsetEncoder::implReset (1 bytes)
Event: 15.785 Thread 0x0000000017c81000 nmethod 1352 0x00000000038eafd0 code [0x00000000038eb120, 0x00000000038eb270]
Event: 15.791 Thread 0x0000000017c81000 1353       3       java.lang.invoke.LambdaForm::uncustomize (58 bytes)
Event: 15.791 Thread 0x0000000017c81000 nmethod 1353 0x000000000371fe50 code [0x000000000371ffc0, 0x0000000003720270]
Event: 15.890 Thread 0x0000000017c81000 1355       3       java.lang.Throwable::<init> (39 bytes)
Event: 15.891 Thread 0x0000000017c81000 nmethod 1355 0x00000000037257d0 code [0x0000000003725940, 0x0000000003725c48]

GC Heap History (10 events):
Event: 11.929 GC heap before
{Heap before GC invocations=6 (full 0):
 PSYoungGen      total 71680K, used 71665K [0x00000000d5f80000, 0x00000000df480000, 0x0000000100000000)
  eden space 66560K, 100% used [0x00000000d5f80000,0x00000000da080000,0x00000000da080000)
  from space 5120K, 99% used [0x00000000da080000,0x00000000da57c6c0,0x00000000da580000)
  to   space 9728K, 0% used [0x00000000deb00000,0x00000000deb00000,0x00000000df480000)
 ParOldGen       total 87552K, used 16039K [0x0000000081e00000, 0x0000000087380000, 0x00000000d5f80000)
  object space 87552K, 18% used [0x0000000081e00000,0x0000000082da9ed8,0x0000000087380000)
 Metaspace       used 9956K, capacity 10252K, committed 10368K, reserved 1058816K
  class space    used 1188K, capacity 1294K, committed 1408K, reserved 1048576K
Event: 11.959 GC heap after
Heap after GC invocations=6 (full 0):
 PSYoungGen      total 142848K, used 7745K [0x00000000d5f80000, 0x00000000df480000, 0x0000000100000000)
  eden space 133120K, 0% used [0x00000000d5f80000,0x00000000d5f80000,0x00000000de180000)
  from space 9728K, 79% used [0x00000000deb00000,0x00000000df2906f0,0x00000000df480000)
  to   space 9728K, 0% used [0x00000000de180000,0x00000000de180000,0x00000000deb00000)
 ParOldGen       total 87552K, used 16039K [0x0000000081e00000, 0x0000000087380000, 0x00000000d5f80000)
  object space 87552K, 18% used [0x0000000081e00000,0x0000000082da9ed8,0x0000000087380000)
 Metaspace       used 9956K, capacity 10252K, committed 10368K, reserved 1058816K
  class space    used 1188K, capacity 1294K, committed 1408K, reserved 1048576K
}
Event: 12.954 GC heap before
{Heap before GC invocations=7 (full 0):
 PSYoungGen      total 142848K, used 140865K [0x00000000d5f80000, 0x00000000df480000, 0x0000000100000000)
  eden space 133120K, 100% used [0x00000000d5f80000,0x00000000de180000,0x00000000de180000)
  from space 9728K, 79% used [0x00000000deb00000,0x00000000df2906f0,0x00000000df480000)
  to   space 9728K, 0% used [0x00000000de180000,0x00000000de180000,0x00000000deb00000)
 ParOldGen       total 87552K, used 16039K [0x0000000081e00000, 0x0000000087380000, 0x00000000d5f80000)
  object space 87552K, 18% used [0x0000000081e00000,0x0000000082da9ed8,0x0000000087380000)
 Metaspace       used 10015K, capacity 10316K, committed 10624K, reserved 1058816K
  class space    used 1195K, capacity 1294K, committed 1408K, reserved 1048576K
Event: 12.995 GC heap after
Heap after GC invocations=7 (full 0):
 PSYoungGen      total 142848K, used 8984K [0x00000000d5f80000, 0x00000000df480000, 0x0000000100000000)
  eden space 133120K, 0% used [0x00000000d5f80000,0x00000000d5f80000,0x00000000de180000)
  from space 9728K, 92% used [0x00000000de180000,0x00000000dea46218,0x00000000deb00000)
  to   space 9728K, 0% used [0x00000000deb00000,0x00000000deb00000,0x00000000df480000)
 ParOldGen       total 87552K, used 20095K [0x0000000081e00000, 0x0000000087380000, 0x00000000d5f80000)
  object space 87552K, 22% used [0x0000000081e00000,0x000000008319fca8,0x0000000087380000)
 Metaspace       used 10015K, capacity 10316K, committed 10624K, reserved 1058816K
  class space    used 1195K, capacity 1294K, committed 1408K, reserved 1048576K
}
Event: 14.516 GC heap before
{Heap before GC invocations=8 (full 0):
 PSYoungGen      total 142848K, used 142104K [0x00000000d5f80000, 0x00000000df480000, 0x0000000100000000)
  eden space 133120K, 100% used [0x00000000d5f80000,0x00000000de180000,0x00000000de180000)
  from space 9728K, 92% used [0x00000000de180000,0x00000000dea46218,0x00000000deb00000)
  to   space 9728K, 0% used [0x00000000deb00000,0x00000000deb00000,0x00000000df480000)
 ParOldGen       total 87552K, used 20095K [0x0000000081e00000, 0x0000000087380000, 0x00000000d5f80000)
  object space 87552K, 22% used [0x0000000081e00000,0x000000008319fca8,0x0000000087380000)
 Metaspace       used 10885K, capacity 11274K, committed 11392K, reserved 1058816K
  class space    used 1277K, capacity 1397K, committed 1408K, reserved 1048576K
Event: 14.583 GC heap after
Heap after GC invocations=8 (full 0):
 PSYoungGen      total 142848K, used 9713K [0x00000000d5f80000, 0x00000000df480000, 0x0000000100000000)
  eden space 133120K, 0% used [0x00000000d5f80000,0x00000000d5f80000,0x00000000de180000)
  from space 9728K, 99% used [0x00000000deb00000,0x00000000df47c640,0x00000000df480000)
  to   space 9728K, 0% used [0x00000000de180000,0x00000000de180000,0x00000000deb00000)
 ParOldGen       total 87552K, used 31147K [0x0000000081e00000, 0x0000000087380000, 0x00000000d5f80000)
  object space 87552K, 35% used [0x0000000081e00000,0x0000000083c6acd8,0x0000000087380000)
 Metaspace       used 10885K, capacity 11274K, committed 11392K, reserved 1058816K
  class space    used 1277K, capacity 1397K, committed 1408K, reserved 1048576K
}
Event: 15.136 GC heap before
{Heap before GC invocations=9 (full 0):
 PSYoungGen      total 142848K, used 142827K [0x00000000d5f80000, 0x00000000df480000, 0x0000000100000000)
  eden space 133120K, 99% used [0x00000000d5f80000,0x00000000de17e690,0x00000000de180000)
  from space 9728K, 99% used [0x00000000deb00000,0x00000000df47c640,0x00000000df480000)
  to   space 9728K, 0% used [0x00000000de180000,0x00000000de180000,0x00000000deb00000)
 ParOldGen       total 87552K, used 31147K [0x0000000081e00000, 0x0000000087380000, 0x00000000d5f80000)
  object space 87552K, 35% used [0x0000000081e00000,0x0000000083c6acd8,0x0000000087380000)
 Metaspace       used 10885K, capacity 11274K, committed 11392K, reserved 1058816K
  class space    used 1277K, capacity 1397K, committed 1408K, reserved 1048576K
Event: 15.162 GC heap after
Heap after GC invocations=9 (full 0):
 PSYoungGen      total 142848K, used 9722K [0x00000000d5f80000, 0x00000000df480000, 0x0000000100000000)
  eden space 133120K, 0% used [0x00000000d5f80000,0x00000000d5f80000,0x00000000de180000)
  from space 9728K, 99% used [0x00000000de180000,0x00000000deafe808,0x00000000deb00000)
  to   space 9728K, 0% used [0x00000000deb00000,0x00000000deb00000,0x00000000df480000)
 ParOldGen       total 87552K, used 36015K [0x0000000081e00000, 0x0000000087380000, 0x00000000d5f80000)
  object space 87552K, 41% used [0x0000000081e00000,0x000000008412be10,0x0000000087380000)
 Metaspace       used 10885K, capacity 11274K, committed 11392K, reserved 1058816K
  class space    used 1277K, capacity 1397K, committed 1408K, reserved 1048576K
}
Event: 15.718 GC heap before
{Heap before GC invocations=10 (full 0):
 PSYoungGen      total 142848K, used 142842K [0x00000000d5f80000, 0x00000000df480000, 0x0000000100000000)
  eden space 133120K, 100% used [0x00000000d5f80000,0x00000000de180000,0x00000000de180000)
  from space 9728K, 99% used [0x00000000de180000,0x00000000deafe808,0x00000000deb00000)
  to   space 9728K, 0% used [0x00000000deb00000,0x00000000deb00000,0x00000000df480000)
 ParOldGen       total 87552K, used 36015K [0x0000000081e00000, 0x0000000087380000, 0x00000000d5f80000)
  object space 87552K, 41% used [0x0000000081e00000,0x000000008412be10,0x0000000087380000)
 Metaspace       used 10885K, capacity 11274K, committed 11392K, reserved 1058816K
  class space    used 1277K, capacity 1397K, committed 1408K, reserved 1048576K
Event: 15.752 GC heap after
Heap after GC invocations=10 (full 0):
 PSYoungGen      total 142848K, used 8839K [0x00000000d5f80000, 0x00000000df480000, 0x0000000100000000)
  eden space 133120K, 0% used [0x00000000d5f80000,0x00000000d5f80000,0x00000000de180000)
  from space 9728K, 90% used [0x00000000deb00000,0x00000000df3a1f50,0x00000000df480000)
  to   space 9728K, 0% used [0x00000000de180000,0x00000000de180000,0x00000000deb00000)
 ParOldGen       total 87552K, used 41152K [0x0000000081e00000, 0x0000000087380000, 0x00000000d5f80000)
  object space 87552K, 47% used [0x0000000081e00000,0x00000000846300b0,0x0000000087380000)
 Metaspace       used 10885K, capacity 11274K, committed 11392K, reserved 1058816K
  class space    used 1277K, capacity 1397K, committed 1408K, reserved 1048576K
}

Deoptimization events (10 events):
Event: 13.742 Thread 0x000000001947e800 Uncommon trap: reason=unstable_if action=reinterpret pc=0x00000000034b86e0 method=nonapi.io.github.classgraph.fileslice.Slice.<init>(Lnonapi/io/github/classgraph/fileslice/Slice;JJZJLnonapi/io/github/classgraph/fastzipfilereader/NestedJarHandler;)V @ 10
Event: 13.768 Thread 0x000000001947e800 Uncommon trap: reason=unstable_if action=reinterpret pc=0x000000000385c61c method=java.nio.channels.spi.AbstractInterruptibleChannel.begin()V @ 4
Event: 13.769 Thread 0x000000001947e800 Uncommon trap: reason=unstable_if action=reinterpret pc=0x0000000003859520 method=sun.nio.ch.Util$BufferCache.get(I)Ljava/nio/ByteBuffer; @ 25
Event: 13.769 Thread 0x000000001947e800 Uncommon trap: reason=unstable_if action=reinterpret pc=0x00000000037ffa84 method=sun.nio.ch.Util$BufferCache.get(I)Ljava/nio/ByteBuffer; @ 47
Event: 13.785 Thread 0x000000001982e800 Uncommon trap: reason=unstable_if action=reinterpret pc=0x000000000385f2c0 method=java.nio.channels.spi.AbstractInterruptibleChannel.begin()V @ 4
Event: 13.785 Thread 0x0000000017cf5800 Uncommon trap: reason=unstable_if action=reinterpret pc=0x0000000003803d08 method=java.nio.channels.spi.AbstractInterruptibleChannel.begin()V @ 4
Event: 13.793 Thread 0x0000000017cf6000 Uncommon trap: reason=unstable_if action=reinterpret pc=0x000000000385f2c0 method=java.nio.channels.spi.AbstractInterruptibleChannel.begin()V @ 4
Event: 13.847 Thread 0x000000001947e800 Uncommon trap: reason=unstable_if action=reinterpret pc=0x000000000385f2c0 method=java.nio.channels.spi.AbstractInterruptibleChannel.begin()V @ 4
Event: 14.952 Thread 0x0000000017cf5800 Uncommon trap: reason=unstable_if action=reinterpret pc=0x000000000381df44 method=java.util.concurrent.ConcurrentHashMap.addCount(JI)V @ 110
Event: 14.953 Thread 0x0000000017cf5800 Uncommon trap: reason=unstable_if action=reinterpret pc=0x000000000381d094 method=java.util.concurrent.ConcurrentHashMap.addCount(JI)V @ 110

Classes redefined (0 events):
No events

Internal exceptions (10 events):
Event: 3.518 Thread 0x000000000329e000 Exception <a 'java/lang/ArrayIndexOutOfBoundsException'> (0x00000000d635f648) thrown at [C:\re\workspace\8-2-build-windows-amd64-cygwin\jdk8u202\12323\hotspot\src\share\vm\runtime\sharedRuntime.cpp, line 605]
Event: 3.629 Thread 0x000000000329e000 Exception <a 'java/lang/ArrayIndexOutOfBoundsException': 109> (0x00000000d640bb40) thrown at [C:\re\workspace\8-2-build-windows-amd64-cygwin\jdk8u202\12323\hotspot\src\share\vm\interpreter\interpreterRuntime.cpp, line 368]
Event: 3.631 Thread 0x000000000329e000 Exception <a 'java/lang/ArrayIndexOutOfBoundsException': 137> (0x00000000d6413758) thrown at [C:\re\workspace\8-2-build-windows-amd64-cygwin\jdk8u202\12323\hotspot\src\share\vm\interpreter\interpreterRuntime.cpp, line 368]
Event: 5.612 Thread 0x0000000019684800 Exception <a 'java/security/PrivilegedActionException'> (0x00000000d705ed98) thrown at [C:\re\workspace\8-2-build-windows-amd64-cygwin\jdk8u202\12323\hotspot\src\share\vm\prims\jvm.cpp, line 1502]
Event: 5.612 Thread 0x0000000019684800 Exception <a 'java/security/PrivilegedActionException'> (0x00000000d705f190) thrown at [C:\re\workspace\8-2-build-windows-amd64-cygwin\jdk8u202\12323\hotspot\src\share\vm\prims\jvm.cpp, line 1502]
Event: 5.615 Thread 0x0000000019684800 Exception <a 'java/security/PrivilegedActionException'> (0x00000000d70631d0) thrown at [C:\re\workspace\8-2-build-windows-amd64-cygwin\jdk8u202\12323\hotspot\src\share\vm\prims\jvm.cpp, line 1502]
Event: 5.615 Thread 0x0000000019684800 Exception <a 'java/security/PrivilegedActionException'> (0x00000000d70635c8) thrown at [C:\re\workspace\8-2-build-windows-amd64-cygwin\jdk8u202\12323\hotspot\src\share\vm\prims\jvm.cpp, line 1502]
Event: 5.791 Thread 0x0000000019684800 Exception <a 'sun/nio/fs/WindowsException'> (0x00000000d7083f10) thrown at [C:\re\workspace\8-2-build-windows-amd64-cygwin\jdk8u202\12323\hotspot\src\share\vm\prims\jni.cpp, line 710]
Event: 13.591 Thread 0x0000000019684800 Exception <a 'sun/nio/fs/WindowsException'> (0x00000000d6d6f038) thrown at [C:\re\workspace\8-2-build-windows-amd64-cygwin\jdk8u202\12323\hotspot\src\share\vm\prims\jni.cpp, line 710]
Event: 13.742 Thread 0x000000001947e800 Implicit null exception at 0x00000000034b85a3 to 0x00000000034b86b9

Events (10 events):
Event: 15.936 loading class org/apache/groovy/parser/antlr4/GroovyParser$AssignmentExprAltContext
Event: 15.936 loading class org/apache/groovy/parser/antlr4/GroovyParser$AssignmentExprAltContext done
Event: 15.937 loading class org/apache/groovy/parser/antlr4/GroovyParser$PowerExprAltContext
Event: 15.937 loading class org/apache/groovy/parser/antlr4/GroovyParser$PowerExprAltContext done
Event: 15.938 loading class org/apache/groovy/parser/antlr4/GroovyParser$LogicalAndExprAltContext
Event: 15.938 loading class org/apache/groovy/parser/antlr4/GroovyParser$LogicalAndExprAltContext done
Event: 15.939 loading class org/apache/groovy/parser/antlr4/GroovyParser$ShiftExprAltContext
Event: 15.939 loading class org/apache/groovy/parser/antlr4/GroovyParser$ShiftExprAltContext done
Event: 15.940 loading class org/codehaus/groovy/ast/expr/RangeExpression
Event: 15.940 loading class org/codehaus/groovy/ast/expr/RangeExpression done


Dynamic libraries:
0x00007ff620d00000 - 0x00007ff620d37000 	C:\Program Files\Java\jre1.8.0_202\bin\java.exe
0x00007ffbad670000 - 0x00007ffbad868000 	C:\WINDOWS\SYSTEM32\ntdll.dll
0x00007ffb93280000 - 0x00007ffb93299000 	C:\Program Files\AVG\Antivirus\aswhook.dll
0x00007ffbac760000 - 0x00007ffbac81d000 	C:\WINDOWS\System32\KERNEL32.DLL
0x00007ffbab000000 - 0x00007ffbab2f6000 	C:\WINDOWS\System32\KERNELBASE.dll
0x00007ffbad220000 - 0x00007ffbad2cf000 	C:\WINDOWS\System32\ADVAPI32.dll
0x00007ffbad2d0000 - 0x00007ffbad36e000 	C:\WINDOWS\System32\msvcrt.dll
0x00007ffbabba0000 - 0x00007ffbabc3c000 	C:\WINDOWS\System32\sechost.dll
0x00007ffbad370000 - 0x00007ffbad496000 	C:\WINDOWS\System32\RPCRT4.dll
0x00007ffbac990000 - 0x00007ffbacb2e000 	C:\WINDOWS\System32\USER32.dll
0x00007ffbab3c0000 - 0x00007ffbab3e2000 	C:\WINDOWS\System32\win32u.dll
0x00007ffbab6d0000 - 0x00007ffbab6fc000 	C:\WINDOWS\System32\GDI32.dll
0x00007ffbab5b0000 - 0x00007ffbab6ca000 	C:\WINDOWS\System32\gdi32full.dll
0x00007ffbab510000 - 0x00007ffbab5ad000 	C:\WINDOWS\System32\msvcp_win.dll
0x00007ffbaad50000 - 0x00007ffbaae50000 	C:\WINDOWS\System32\ucrtbase.dll
0x00007ffb91b00000 - 0x00007ffb91d9a000 	C:\WINDOWS\WinSxS\amd64_microsoft.windows.common-controls_6595b64144ccf1df_6.0.19041.3636_none_60b6a03d71f818d5\COMCTL32.dll
0x00007ffbac960000 - 0x00007ffbac990000 	C:\WINDOWS\System32\IMM32.DLL
0x000000006b200000 - 0x000000006b2d2000 	C:\Program Files\Java\jre1.8.0_202\bin\msvcr100.dll
0x000000006a950000 - 0x000000006b1f5000 	C:\Program Files\Java\jre1.8.0_202\bin\server\jvm.dll
0x00007ffbad570000 - 0x00007ffbad578000 	C:\WINDOWS\System32\PSAPI.DLL
0x00007ffba64c0000 - 0x00007ffba64c9000 	C:\WINDOWS\SYSTEM32\WSOCK32.dll
0x00007ffbac8f0000 - 0x00007ffbac95b000 	C:\WINDOWS\System32\WS2_32.dll
0x00007ffb8f520000 - 0x00007ffb8f547000 	C:\WINDOWS\SYSTEM32\WINMM.dll
0x00007ffba5220000 - 0x00007ffba522a000 	C:\WINDOWS\SYSTEM32\VERSION.dll
0x00007ffba4d20000 - 0x00007ffba4d2f000 	C:\Program Files\Java\jre1.8.0_202\bin\verify.dll
0x00007ffba2bc0000 - 0x00007ffba2be9000 	C:\Program Files\Java\jre1.8.0_202\bin\java.dll
0x00007ffba3b50000 - 0x00007ffba3b66000 	C:\Program Files\Java\jre1.8.0_202\bin\zip.dll
0x00007ffbabf80000 - 0x00007ffbac6c5000 	C:\WINDOWS\System32\SHELL32.dll
0x00007ffba8e30000 - 0x00007ffba95cb000 	C:\WINDOWS\SYSTEM32\windows.storage.dll
0x00007ffbacec0000 - 0x00007ffbad214000 	C:\WINDOWS\System32\combase.dll
0x00007ffbaa6c0000 - 0x00007ffbaa6ed000 	C:\WINDOWS\SYSTEM32\Wldp.dll
0x00007ffbaccf0000 - 0x00007ffbacd9d000 	C:\WINDOWS\System32\SHCORE.dll
0x00007ffbabd70000 - 0x00007ffbabdc5000 	C:\WINDOWS\System32\shlwapi.dll
0x00007ffbaac80000 - 0x00007ffbaaca5000 	C:\WINDOWS\SYSTEM32\profapi.dll
0x00007ffba2ba0000 - 0x00007ffba2bba000 	C:\Program Files\Java\jre1.8.0_202\bin\net.dll
0x00007ffba5f60000 - 0x00007ffba614d000 	C:\WINDOWS\SYSTEM32\urlmon.dll
0x00007ffba45c0000 - 0x00007ffba487c000 	C:\WINDOWS\SYSTEM32\iertutil.dll
0x00007ffb9df00000 - 0x00007ffb9df28000 	C:\WINDOWS\SYSTEM32\srvcli.dll
0x00007ffbaa220000 - 0x00007ffbaa22c000 	C:\WINDOWS\SYSTEM32\netutils.dll
0x00007ffbaa420000 - 0x00007ffbaa48a000 	C:\WINDOWS\system32\mswsock.dll
0x00007ffb9b3a0000 - 0x00007ffb9b3b2000 	C:\Program Files\Java\jre1.8.0_202\bin\nio.dll
0x00007ffba3a10000 - 0x00007ffba3a1d000 	C:\Program Files\Java\jre1.8.0_202\bin\management.dll

VM Arguments:
java_command: c:\Users\JosueBP\.vscode\extensions\dontshavetheyak.groovy-guru-0.6.0\bin\groovy-language-server-all.jar
java_class_path (initial): c:\Users\JosueBP\.vscode\extensions\dontshavetheyak.groovy-guru-0.6.0\bin\groovy-language-server-all.jar
Launcher Type: SUN_STANDARD

Environment Variables:
JAVA_HOME=C:\Program Files\Java\jre1.8.0_202
PATH=C:\Program Files (x86)\Common Files\Intel\Shared Libraries\redist\intel64\compiler;C:\WINDOWS\system32;C:\WINDOWS;C:\WINDOWS\System32\Wbem;C:\WINDOWS\System32\WindowsPowerShell\v1.0\;C:\WINDOWS\System32\OpenSSH\;C:\Program Files\wureset;C:\Program Files\Microsoft SQL Server\130\Tools\Binn\;C:\Program Files\dotnet\;C:\Program Files (x86)\Microsoft SQL Server\150\DTS\Binn\;C:\Program Files (x86)\dotnet\;D:\Program Files\Git\cmd;C:\Program Files\MySQL\MySQL Workbench 8.0;C:\Program Files\nodejs\;C:\msys64\mingw64\bin;D:\Program Files\flutter\bin;C:\Program Files\Java\jre1.8.0_202\bin;C:\Android\cmdline-tools\latest\bin;C:\Android\platform-tools;D:\Program Files\grails-3.3.10\bin;C:\Program Files\PostgreSQL\12\bin;C:\Program Files\MySQL\MySQL Shell 8.0\bin\;C:\Users\JosueBP\AppData\Local\Programs\Python\Python310\Scripts;C:\Users\JosueBP\AppData\Local\Programs\Python\Python310;C:\Users\JosueBP\AppData\Local\Microsoft\WindowsApps;C:\Users\JosueBP\.dotnet\tools;C:\Users\JosueBP\AppData\Local\GitHubDesktop\bin;C:\Program Files\Azure Data Studio\bin;C:\Users\JosueBP\AppData\Local\Programs\Microsoft VS Code\bin;C:\msys64\mingw64\bin;C:\Users\JosueBP\AppData\Roaming\npm;C:\msys64\usr\bin;C:\Program Files\Java\jre1.8.0_202\bin;
USERNAME=Fernando
OS=Windows_NT
PROCESSOR_IDENTIFIER=Intel64 Family 6 Model 55 Stepping 3, GenuineIntel



---------------  S Y S T E M  ---------------

OS: Windows 10.0 , 64 bit Build 19041 (10.0.19041.3636)

CPU:total 2 (initial active 2) (2 cores per cpu, 1 threads per core) family 6 model 55 stepping 3, cmov, cx8, fxsr, mmx, sse, sse2, sse3, ssse3, sse4.1, sse4.2, popcnt, clmul, erms, 3dnowpref, tsc, tscinvbit

Memory: 4k page, physical 8265624k(377660k free), swap 10825624k(3316k free)

vm_info: Java HotSpot(TM) 64-Bit Server VM (25.202-b08) for windows-amd64 JRE (1.8.0_202-b08), built on Dec 15 2018 19:54:30 by "java_re" with MS VC++ 10.0 (VS2010)

time: Thu Dec 21 16:05:21 2023
timezone: Hora estándar de Argentina
elapsed time: 16 seconds (0d 0h 0m 16s)

